[03:37:28] [main/INFO] [cpw.mods.modlauncher.Launcher]: ModLauncher running: args [--launchTarget, forgeserver, --fml.forgeVersion, 47.2.20, --fml.mcVersion, 1.20.1, --fml.forgeGroup, net.minecraftforge, --fml.mcpVersion, 20230612.114412, nogui]
[03:37:28] [main/INFO] [cpw.mods.modlauncher.Launcher]: ModLauncher 10.0.9+10.0.9+main.dcd20f30 starting: java version 21.0.2 by Microsoft; OS Linux arch amd64 version 6.2.0-1019-azure
[03:37:37] [main/INFO] [net.minecraftforge.fml.loading.ImmediateWindowHandler]: ImmediateWindowProvider not loading because launch target is forgeserver
[03:37:37] [main/INFO] [mixin]: SpongePowered MIXIN Subsystem Version=0.8.5 Source=union:/workspaces/codespaces-jupyter/Minecraft-server/libraries/org/spongepowered/mixin/0.8.5/mixin-0.8.5.jar%23111!/ Service=ModLauncher Env=SERVER
[03:37:38] [main/WARN] [net.minecraftforge.jarjar.selection.JarSelector]: Attempted to select two dependency jars from JarJar which have the same identification: Mod File:  and Mod File: . Using Mod File: 
[03:37:38] [main/WARN] [net.minecraftforge.jarjar.selection.JarSelector]: Attempted to select a dependency jar for JarJar which was passed in as source: geckolib. Using Mod File: /workspaces/codespaces-jupyter/Minecraft-server/mods/geckolib-forge-1.20.1-4.4.2.jar
[03:37:38] [main/WARN] [net.minecraftforge.jarjar.selection.JarSelector]: Attempted to select a dependency jar for JarJar which was passed in as source: curios. Using Mod File: /workspaces/codespaces-jupyter/Minecraft-server/mods/curios-forge-5.7.0+1.20.1.jar
[03:37:38] [main/INFO] [net.minecraftforge.fml.loading.moddiscovery.JarInJarDependencyLocator]: Found 15 dependencies adding them to mods collection
[03:37:38] [main/ERROR] [net.minecraftforge.fml.loading.ModSorter]: Missing or unsupported mandatory dependencies:
	Mod ID: 'flib', Requested by: 'cyclic', Expected range: '[0.0.10,)', Actual version: '[MISSING]'
[03:37:41] [main/INFO] [mixin]: Compatibility level set to JAVA_17
[03:37:41] [main/ERROR] [mixin]: Mixin config arclight.mixins.json does not specify "minVersion" property
[03:37:41] [main/ERROR] [mixin]: Mixin config doom.mixins.json does not specify "minVersion" property
[03:37:41] [main/ERROR] [mixin]: Mixin config doom.forge.mixins.json does not specify "minVersion" property
[03:37:41] [main/ERROR] [mixin]: Mixin config mixins.eco.json does not specify "minVersion" property
[03:37:41] [main/ERROR] [mixin]: Mixin config azurelib.mixins.json does not specify "minVersion" property
[03:37:41] [main/ERROR] [mixin]: Mixin config azurelib.forge.mixins.json does not specify "minVersion" property
[03:37:41] [main/INFO] [mixin]: Successfully loaded Mixin Connector [com.robertx22.age_of_exile.mmorpg.MixinConnector]
[03:37:41] [main/INFO] [mixin]: Successfully loaded Mixin Connector [ca.spottedleaf.starlight.mixin.MixinConnector]
[03:37:41] [main/INFO] [mixin]: Successfully loaded Mixin Connector [com.robertx22.library_of_exile.main.MixinConnector]
[03:37:41] [main/INFO] [cpw.mods.modlauncher.LaunchServiceHandler]: Launching target 'forgeserver' with arguments [nogui]
[03:37:41] [main/INFO] [ModernFix]: Loaded configuration file for ModernFix 5.14.0+mc1.20.1: 74 options available, 11 override(s) found
[03:37:41] [main/WARN] [ModernFix]: Option 'mixin.perf.deduplicate_wall_shapes' overriden (by load error) to 'false'
[03:37:41] [main/WARN] [ModernFix]: Option 'mixin.bugfix.paper_chunk_patches' overriden (by load error) to 'false'
[03:37:41] [main/WARN] [ModernFix]: Option 'mixin.perf.cache_strongholds' overriden (by load error) to 'false'
[03:37:41] [main/WARN] [ModernFix]: Option 'mixin.perf.faster_texture_stitching' overriden (by load error) to 'false'
[03:37:41] [main/WARN] [ModernFix]: Option 'mixin.bugfix.buffer_builder_leak' overriden (by load error) to 'false'
[03:37:41] [main/WARN] [ModernFix]: Option 'mixin.perf.nbt_memory_usage' overriden (by load error) to 'false'
[03:37:41] [main/WARN] [ModernFix]: Option 'mixin.bugfix.chunk_deadlock' overriden (by load error) to 'false'
[03:37:41] [main/WARN] [ModernFix]: Option 'mixin.perf.thread_priorities' overriden (by load error) to 'false'
[03:37:41] [main/WARN] [ModernFix]: Option 'mixin.launch.class_search_cache' overriden (by load error) to 'false'
[03:37:41] [main/WARN] [ModernFix]: Option 'mixin.perf.datapack_reload_exceptions' overriden (by load error) to 'false'
[03:37:41] [main/WARN] [ModernFix]: Option 'mixin.perf.dynamic_dfu' overriden (by load error) to 'false'
[03:37:41] [main/INFO] [ModernFix]: Applying Nashorn fix
[03:37:41] [main/WARN] [ModernFix]: Applying ATs from 47 mods despite being in errored state, this might cause a crash!
[03:37:42] [main/WARN] [ModernFix]: Disabling plugin 'mixin': org.spongepowered.asm.launch.MixinLaunchPlugin
[03:37:42] [main/INFO] [ModernFix]: Applied Forge config corruption patch
[03:37:42] [main/WARN] [mixin]: Reference map 'nitrogen_internals.refmap.json' for nitrogen_internals.mixins.json could not be read. If this is a development environment you can ignore this message
[03:37:42] [main/WARN] [mixin]: Reference map 'arclight.mixins.refmap.json' for arclight.mixins.json could not be read. If this is a development environment you can ignore this message
[03:37:42] [main/WARN] [mixin]: Reference map 'graveyard-FORGE-forge-refmap.json' for graveyard-forge.mixins.json could not be read. If this is a development environment you can ignore this message
[03:37:42] [main/INFO] [Canary]: Loaded configuration file for Canary: 116 options available, 0 override(s) found
[03:37:42] [main/WARN] [mixin]: Failed to select mixin config: immediatelyfast-forge.mixins.json
java.lang.NullPointerException: null
	at java.util.Optional.orElseThrow(Optional.java:403) ~[?:?]
	at net.raphimc.immediatelyfast.ImmediatelyFast.earlyInit(ImmediatelyFast.java:70) ~[ImmediatelyFast-Forge-1.2.10+1.20.4.jar%23313!/:?]
	at net.raphimc.immediatelyfast.injection.ImmediatelyFastMixinPlugin.onLoad(ImmediatelyFastMixinPlugin.java:37) ~[ImmediatelyFast-Forge-1.2.10+1.20.4.jar%23313!/:?]
	at org.spongepowered.asm.mixin.transformer.PluginHandle.onLoad(PluginHandle.java:119) ~[mixin-0.8.5.jar:0.8.5+Jenkins-b310.git-155314e6e91465dad727e621a569906a410cd6f4]
	at org.spongepowered.asm.mixin.transformer.MixinConfig.onSelect(MixinConfig.java:707) ~[mixin-0.8.5.jar:0.8.5+Jenkins-b310.git-155314e6e91465dad727e621a569906a410cd6f4]
	at org.spongepowered.asm.mixin.transformer.MixinProcessor.selectConfigs(MixinProcessor.java:498) ~[mixin-0.8.5.jar:0.8.5+Jenkins-b310.git-155314e6e91465dad727e621a569906a410cd6f4]
	at org.spongepowered.asm.mixin.transformer.MixinProcessor.select(MixinProcessor.java:460) ~[mixin-0.8.5.jar:0.8.5+Jenkins-b310.git-155314e6e91465dad727e621a569906a410cd6f4]
	at org.spongepowered.asm.mixin.transformer.MixinProcessor.checkSelect(MixinProcessor.java:438) ~[mixin-0.8.5.jar:0.8.5+Jenkins-b310.git-155314e6e91465dad727e621a569906a410cd6f4]
	at org.spongepowered.asm.mixin.transformer.MixinProcessor.applyMixins(MixinProcessor.java:290) ~[mixin-0.8.5.jar:0.8.5+Jenkins-b310.git-155314e6e91465dad727e621a569906a410cd6f4]
	at org.spongepowered.asm.mixin.transformer.MixinTransformer.transformClass(MixinTransformer.java:250) ~[mixin-0.8.5.jar:0.8.5+Jenkins-b310.git-155314e6e91465dad727e621a569906a410cd6f4]
	at org.spongepowered.asm.service.modlauncher.MixinTransformationHandler.processClass(MixinTransformationHandler.java:131) ~[mixin-0.8.5.jar:0.8.5+Jenkins-b310.git-155314e6e91465dad727e621a569906a410cd6f4]
	at org.spongepowered.asm.launch.MixinLaunchPluginLegacy.processClass(MixinLaunchPluginLegacy.java:131) ~[mixin-0.8.5.jar:0.8.5+Jenkins-b310.git-155314e6e91465dad727e621a569906a410cd6f4]
	at cpw.mods.modlauncher.serviceapi.ILaunchPluginService.processClassWithFlags(ILaunchPluginService.java:156) ~[modlauncher-10.0.9.jar:10.0.9+10.0.9+main.dcd20f30]
	at cpw.mods.modlauncher.LaunchPluginHandler.offerClassNodeToPlugins(LaunchPluginHandler.java:88) ~[modlauncher-10.0.9.jar:?]
	at cpw.mods.modlauncher.ClassTransformer.transform(ClassTransformer.java:120) ~[modlauncher-10.0.9.jar:?]
	at cpw.mods.modlauncher.TransformingClassLoader.maybeTransformClassBytes(TransformingClassLoader.java:50) ~[modlauncher-10.0.9.jar:?]
	at cpw.mods.cl.ModuleClassLoader.readerToClass(ModuleClassLoader.java:121) ~[securejarhandler-mohist-2.1.11.jar:?]
	at cpw.mods.cl.ModuleClassLoader.lambda$findClass$15(ModuleClassLoader.java:257) ~[securejarhandler-mohist-2.1.11.jar:?]
	at cpw.mods.cl.ModuleClassLoader.loadFromModule(ModuleClassLoader.java:267) ~[securejarhandler-mohist-2.1.11.jar:?]
	at cpw.mods.cl.ModuleClassLoader.findClass(ModuleClassLoader.java:257) ~[securejarhandler-mohist-2.1.11.jar:?]
	at java.lang.ClassLoader.loadClass(ClassLoader.java:638) ~[?:?]
	at java.lang.Class.forName(Class.java:625) ~[?:?]
	at java.lang.Class.forName(Class.java:600) ~[?:?]
	at net.minecraftforge.fml.loading.ImmediateWindowHandler$DummyProvider.lambda$updateModuleReads$1(ImmediateWindowHandler.java:145) ~[fmlloader-1.20.1-47.2.20.jar%23186!/:1.0]
	at java.util.Optional.map(Optional.java:260) [?:?]
	at net.minecraftforge.fml.loading.ImmediateWindowHandler$DummyProvider.updateModuleReads(ImmediateWindowHandler.java:145) [fmlloader-1.20.1-47.2.20.jar%23186!/:1.0]
	at net.minecraftforge.fml.loading.ImmediateWindowHandler.acceptGameLayer(ImmediateWindowHandler.java:71) [fmlloader-1.20.1-47.2.20.jar%23186!/:1.0]
	at net.minecraftforge.fml.loading.FMLLoader.beforeStart(FMLLoader.java:207) [fmlloader-1.20.1-47.2.20.jar%23186!/:1.0]
	at net.minecraftforge.fml.loading.targets.CommonLaunchHandler.launchService(CommonLaunchHandler.java:92) [fmlloader-1.20.1-47.2.20.jar%23186!/:?]
	at cpw.mods.modlauncher.LaunchServiceHandlerDecorator.launch(LaunchServiceHandlerDecorator.java:30) [modlauncher-10.0.9.jar%23101!/:?]
	at cpw.mods.modlauncher.LaunchServiceHandler.launch(LaunchServiceHandler.java:53) [modlauncher-10.0.9.jar%23101!/:?]
	at cpw.mods.modlauncher.LaunchServiceHandler.launch(LaunchServiceHandler.java:71) [modlauncher-10.0.9.jar%23101!/:?]
	at cpw.mods.modlauncher.Launcher.run(Launcher.java:108) [modlauncher-10.0.9.jar%23101!/:?]
	at cpw.mods.modlauncher.Launcher.main(Launcher.java:78) [modlauncher-10.0.9.jar%23101!/:?]
	at cpw.mods.modlauncher.BootstrapLaunchConsumer.accept(BootstrapLaunchConsumer.java:26) [modlauncher-10.0.9.jar%23101!/:?]
	at cpw.mods.modlauncher.BootstrapLaunchConsumer.accept(BootstrapLaunchConsumer.java:23) [modlauncher-10.0.9.jar%23101!/:?]
	at cpw.mods.bootstraplauncher.BootstrapLauncher.main(BootstrapLauncher.java:141) [bootstraplauncher-1.1.2.jar:?]
	at com.mohistmc.MohistMCStart.main(MohistMCStart.java:106) [mohist.jar:1.20.1-580]
[03:37:42] [main/INFO] [Puzzles Lib]: Loading 2 mods:
	- forge 47.2.20
	- minecraft 1.20.1
[03:37:42] [main/WARN] [mixin]: Reference map 'cristellib-forge-refmap.json' for cristellib.mixins.json could not be read. If this is a development environment you can ignore this message
[03:37:43] [main/ERROR] [net.minecraftforge.coremod.transformer.CoreModBaseTransformer]: Error occurred applying transform of coremod coremods/field_to_method.js function biome
java.lang.IllegalStateException: Field f_47437_ is not private and an instance field
	at net.minecraftforge.coremod.api.ASMAPI.redirectFieldToMethod(ASMAPI.java:260) ~[coremods-5.0.1.jar:?]
	at org.openjdk.nashorn.internal.scripts.Script$Recompilation$16$292A$\^eval\_.initializeCoreMod#transformer(<eval>:11) ~[?:?]
	at org.openjdk.nashorn.internal.runtime.ScriptFunctionData.invoke(ScriptFunctionData.java:648) ~[nashorn-core-15.3.jar:?]
	at org.openjdk.nashorn.internal.runtime.ScriptFunction.invoke(ScriptFunction.java:513) ~[nashorn-core-15.3.jar:?]
	at org.openjdk.nashorn.internal.runtime.ScriptRuntime.apply(ScriptRuntime.java:520) ~[nashorn-core-15.3.jar:?]
	at org.openjdk.nashorn.api.scripting.ScriptObjectMirror.call(ScriptObjectMirror.java:111) ~[nashorn-core-15.3.jar:?]
	at net.minecraftforge.coremod.NashornFactory.lambda$getFunction$0(NashornFactory.java:18) ~[coremods-5.0.1.jar:5.0.1+15+master.dc5a2922]
	at net.minecraftforge.coremod.transformer.CoreModClassTransformer.runCoremod(CoreModClassTransformer.java:18) ~[coremods-5.0.1.jar:?]
	at net.minecraftforge.coremod.transformer.CoreModClassTransformer.runCoremod(CoreModClassTransformer.java:10) ~[coremods-5.0.1.jar:?]
	at net.minecraftforge.coremod.transformer.CoreModBaseTransformer.transform(CoreModBaseTransformer.java:38) ~[coremods-5.0.1.jar:?]
	at cpw.mods.modlauncher.TransformerHolder.transform(TransformerHolder.java:41) ~[modlauncher-10.0.9.jar:?]
	at cpw.mods.modlauncher.ClassTransformer.performVote(ClassTransformer.java:179) ~[modlauncher-10.0.9.jar:?]
	at cpw.mods.modlauncher.ClassTransformer.transform(ClassTransformer.java:117) ~[modlauncher-10.0.9.jar:?]
	at cpw.mods.modlauncher.TransformingClassLoader.maybeTransformClassBytes(TransformingClassLoader.java:50) ~[modlauncher-10.0.9.jar:?]
	at cpw.mods.cl.ModuleClassLoader.getMaybeTransformedClassBytes(ModuleClassLoader.java:288) ~[securejarhandler-mohist-2.1.11.jar:?]
	at cpw.mods.modlauncher.TransformingClassLoader.buildTransformedClassNodeFor(TransformingClassLoader.java:58) ~[modlauncher-10.0.9.jar:?]
	at cpw.mods.modlauncher.LaunchPluginHandler.lambda$announceLaunch$10(LaunchPluginHandler.java:100) ~[modlauncher-10.0.9.jar:?]
	at org.spongepowered.asm.launch.MixinLaunchPluginLegacy.getClassNode(MixinLaunchPluginLegacy.java:222) ~[mixin-0.8.5.jar:0.8.5+Jenkins-b310.git-155314e6e91465dad727e621a569906a410cd6f4]
	at org.spongepowered.asm.launch.MixinLaunchPluginLegacy.getClassNode(MixinLaunchPluginLegacy.java:207) ~[mixin-0.8.5.jar:0.8.5+Jenkins-b310.git-155314e6e91465dad727e621a569906a410cd6f4]
	at org.spongepowered.asm.mixin.transformer.ClassInfo.forName(ClassInfo.java:2005) ~[mixin-0.8.5.jar:0.8.5+Jenkins-b310.git-155314e6e91465dad727e621a569906a410cd6f4]
	at org.spongepowered.asm.mixin.transformer.MixinInfo.getTargetClass(MixinInfo.java:1017) ~[mixin-0.8.5.jar:0.8.5+Jenkins-b310.git-155314e6e91465dad727e621a569906a410cd6f4]
	at org.spongepowered.asm.mixin.transformer.MixinInfo.readTargetClasses(MixinInfo.java:1007) ~[mixin-0.8.5.jar:0.8.5+Jenkins-b310.git-155314e6e91465dad727e621a569906a410cd6f4]
	at org.spongepowered.asm.mixin.transformer.MixinInfo.parseTargets(MixinInfo.java:895) ~[mixin-0.8.5.jar:0.8.5+Jenkins-b310.git-155314e6e91465dad727e621a569906a410cd6f4]
	at org.spongepowered.asm.mixin.transformer.MixinConfig.prepareMixins(MixinConfig.java:867) ~[mixin-0.8.5.jar:0.8.5+Jenkins-b310.git-155314e6e91465dad727e621a569906a410cd6f4]
	at org.spongepowered.asm.mixin.transformer.MixinConfig.prepare(MixinConfig.java:775) ~[mixin-0.8.5.jar:0.8.5+Jenkins-b310.git-155314e6e91465dad727e621a569906a410cd6f4]
	at org.spongepowered.asm.mixin.transformer.MixinProcessor.prepareConfigs(MixinProcessor.java:539) ~[mixin-0.8.5.jar:0.8.5+Jenkins-b310.git-155314e6e91465dad727e621a569906a410cd6f4]
	at org.spongepowered.asm.mixin.transformer.MixinProcessor.select(MixinProcessor.java:462) ~[mixin-0.8.5.jar:0.8.5+Jenkins-b310.git-155314e6e91465dad727e621a569906a410cd6f4]
	at org.spongepowered.asm.mixin.transformer.MixinProcessor.checkSelect(MixinProcessor.java:438) ~[mixin-0.8.5.jar:0.8.5+Jenkins-b310.git-155314e6e91465dad727e621a569906a410cd6f4]
	at org.spongepowered.asm.mixin.transformer.MixinProcessor.applyMixins(MixinProcessor.java:290) ~[mixin-0.8.5.jar:0.8.5+Jenkins-b310.git-155314e6e91465dad727e621a569906a410cd6f4]
	at org.spongepowered.asm.mixin.transformer.MixinTransformer.transformClass(MixinTransformer.java:250) ~[mixin-0.8.5.jar:0.8.5+Jenkins-b310.git-155314e6e91465dad727e621a569906a410cd6f4]
	at org.spongepowered.asm.service.modlauncher.MixinTransformationHandler.processClass(MixinTransformationHandler.java:131) ~[mixin-0.8.5.jar:0.8.5+Jenkins-b310.git-155314e6e91465dad727e621a569906a410cd6f4]
	at org.spongepowered.asm.launch.MixinLaunchPluginLegacy.processClass(MixinLaunchPluginLegacy.java:131) ~[mixin-0.8.5.jar:0.8.5+Jenkins-b310.git-155314e6e91465dad727e621a569906a410cd6f4]
	at cpw.mods.modlauncher.serviceapi.ILaunchPluginService.processClassWithFlags(ILaunchPluginService.java:156) ~[modlauncher-10.0.9.jar:10.0.9+10.0.9+main.dcd20f30]
	at cpw.mods.modlauncher.LaunchPluginHandler.offerClassNodeToPlugins(LaunchPluginHandler.java:88) ~[modlauncher-10.0.9.jar:?]
	at cpw.mods.modlauncher.ClassTransformer.transform(ClassTransformer.java:120) ~[modlauncher-10.0.9.jar:?]
	at cpw.mods.modlauncher.TransformingClassLoader.maybeTransformClassBytes(TransformingClassLoader.java:50) ~[modlauncher-10.0.9.jar:?]
	at cpw.mods.cl.ModuleClassLoader.readerToClass(ModuleClassLoader.java:121) ~[securejarhandler-mohist-2.1.11.jar:?]
	at cpw.mods.cl.ModuleClassLoader.lambda$findClass$15(ModuleClassLoader.java:257) ~[securejarhandler-mohist-2.1.11.jar:?]
	at cpw.mods.cl.ModuleClassLoader.loadFromModule(ModuleClassLoader.java:267) ~[securejarhandler-mohist-2.1.11.jar:?]
	at cpw.mods.cl.ModuleClassLoader.findClass(ModuleClassLoader.java:257) ~[securejarhandler-mohist-2.1.11.jar:?]
	at java.lang.ClassLoader.loadClass(ClassLoader.java:638) ~[?:?]
	at java.lang.Class.forName(Class.java:625) ~[?:?]
	at java.lang.Class.forName(Class.java:600) ~[?:?]
	at net.minecraftforge.fml.loading.ImmediateWindowHandler$DummyProvider.lambda$updateModuleReads$1(ImmediateWindowHandler.java:145) ~[fmlloader-1.20.1-47.2.20.jar%23186!/:1.0]
	at java.util.Optional.map(Optional.java:260) [?:?]
	at net.minecraftforge.fml.loading.ImmediateWindowHandler$DummyProvider.updateModuleReads(ImmediateWindowHandler.java:145) [fmlloader-1.20.1-47.2.20.jar%23186!/:1.0]
	at net.minecraftforge.fml.loading.ImmediateWindowHandler.acceptGameLayer(ImmediateWindowHandler.java:71) [fmlloader-1.20.1-47.2.20.jar%23186!/:1.0]
	at net.minecraftforge.fml.loading.FMLLoader.beforeStart(FMLLoader.java:207) [fmlloader-1.20.1-47.2.20.jar%23186!/:1.0]
	at net.minecraftforge.fml.loading.targets.CommonLaunchHandler.launchService(CommonLaunchHandler.java:92) [fmlloader-1.20.1-47.2.20.jar%23186!/:?]
	at cpw.mods.modlauncher.LaunchServiceHandlerDecorator.launch(LaunchServiceHandlerDecorator.java:30) [modlauncher-10.0.9.jar%23101!/:?]
	at cpw.mods.modlauncher.LaunchServiceHandler.launch(LaunchServiceHandler.java:53) [modlauncher-10.0.9.jar%23101!/:?]
	at cpw.mods.modlauncher.LaunchServiceHandler.launch(LaunchServiceHandler.java:71) [modlauncher-10.0.9.jar%23101!/:?]
	at cpw.mods.modlauncher.Launcher.run(Launcher.java:108) [modlauncher-10.0.9.jar%23101!/:?]
	at cpw.mods.modlauncher.Launcher.main(Launcher.java:78) [modlauncher-10.0.9.jar%23101!/:?]
	at cpw.mods.modlauncher.BootstrapLaunchConsumer.accept(BootstrapLaunchConsumer.java:26) [modlauncher-10.0.9.jar%23101!/:?]
	at cpw.mods.modlauncher.BootstrapLaunchConsumer.accept(BootstrapLaunchConsumer.java:23) [modlauncher-10.0.9.jar%23101!/:?]
	at cpw.mods.bootstraplauncher.BootstrapLauncher.main(BootstrapLauncher.java:141) [bootstraplauncher-1.1.2.jar:?]
	at com.mohistmc.MohistMCStart.main(MohistMCStart.java:106) [mohist.jar:1.20.1-580]
[03:37:43] [main/WARN] [mixin]: Error loading class: de/maxhenkel/voicechat/plugins/impl/audiochannel/EntityAudioChannelImpl (java.lang.ClassNotFoundException: de.maxhenkel.voicechat.plugins.impl.audiochannel.EntityAudioChannelImpl)
[03:37:43] [main/WARN] [mixin]: @Mixin target de.maxhenkel.voicechat.plugins.impl.audiochannel.EntityAudioChannelImpl was not found railways-common.mixins.json:compat.voicechat.EntityAudioChannelImplMixin
[03:37:43] [main/WARN] [mixin]: Error loading class: de/maxhenkel/voicechat/voice/server/Server (java.lang.ClassNotFoundException: de.maxhenkel.voicechat.voice.server.Server)
[03:37:43] [main/WARN] [mixin]: @Mixin target de.maxhenkel.voicechat.voice.server.Server was not found railways-common.mixins.json:compat.voicechat.ServerMixin
[03:37:43] [main/WARN] [mixin]: Error loading class: de/maxhenkel/voicechat/voice/server/ServerWorldUtils (java.lang.ClassNotFoundException: de.maxhenkel.voicechat.voice.server.ServerWorldUtils)
[03:37:43] [main/WARN] [mixin]: @Mixin target de.maxhenkel.voicechat.voice.server.ServerWorldUtils was not found railways-common.mixins.json:compat.voicechat.ServerWorldUtilsMixin
[03:37:45] [main/WARN] [mixin]: Error loading class: snownee/jade/addon/core/ModNameProvider (java.lang.ClassNotFoundException: snownee.jade.addon.core.ModNameProvider)
[03:37:45] [main/WARN] [mixin]: @Mixin target snownee.jade.addon.core.ModNameProvider was not found aether_redux.mixins.json:common.compat.ModNameProviderMixin
[03:37:49] [main/ERROR] [net.minecraftforge.coremod.transformer.CoreModBaseTransformer]: Error occurred applying transform of coremod coremods/field_to_method.js function biome
java.lang.IllegalStateException: Field f_47437_ is not private and an instance field
	at net.minecraftforge.coremod.api.ASMAPI.redirectFieldToMethod(ASMAPI.java:260) ~[coremods-5.0.1.jar:?]
	at org.openjdk.nashorn.internal.scripts.Script$Recompilation$16$292A$\^eval\_.initializeCoreMod#transformer(<eval>:11) ~[?:?]
	at org.openjdk.nashorn.internal.runtime.ScriptFunctionData.invoke(ScriptFunctionData.java:648) ~[nashorn-core-15.3.jar:?]
	at org.openjdk.nashorn.internal.runtime.ScriptFunction.invoke(ScriptFunction.java:513) ~[nashorn-core-15.3.jar:?]
	at org.openjdk.nashorn.internal.runtime.ScriptRuntime.apply(ScriptRuntime.java:520) ~[nashorn-core-15.3.jar:?]
	at org.openjdk.nashorn.api.scripting.ScriptObjectMirror.call(ScriptObjectMirror.java:111) ~[nashorn-core-15.3.jar:?]
	at net.minecraftforge.coremod.NashornFactory.lambda$getFunction$0(NashornFactory.java:18) ~[coremods-5.0.1.jar:5.0.1+15+master.dc5a2922]
	at net.minecraftforge.coremod.transformer.CoreModClassTransformer.runCoremod(CoreModClassTransformer.java:18) ~[coremods-5.0.1.jar:?]
	at net.minecraftforge.coremod.transformer.CoreModClassTransformer.runCoremod(CoreModClassTransformer.java:10) ~[coremods-5.0.1.jar:?]
	at net.minecraftforge.coremod.transformer.CoreModBaseTransformer.transform(CoreModBaseTransformer.java:38) ~[coremods-5.0.1.jar:?]
	at cpw.mods.modlauncher.TransformerHolder.transform(TransformerHolder.java:41) ~[modlauncher-10.0.9.jar:?]
	at cpw.mods.modlauncher.ClassTransformer.performVote(ClassTransformer.java:179) ~[modlauncher-10.0.9.jar:?]
	at cpw.mods.modlauncher.ClassTransformer.transform(ClassTransformer.java:117) ~[modlauncher-10.0.9.jar:?]
	at cpw.mods.modlauncher.TransformingClassLoader.maybeTransformClassBytes(TransformingClassLoader.java:50) ~[modlauncher-10.0.9.jar:?]
	at cpw.mods.cl.ModuleClassLoader.readerToClass(ModuleClassLoader.java:121) ~[securejarhandler-mohist-2.1.11.jar:?]
	at cpw.mods.cl.ModuleClassLoader.lambda$findClass$15(ModuleClassLoader.java:257) ~[securejarhandler-mohist-2.1.11.jar:?]
	at cpw.mods.cl.ModuleClassLoader.loadFromModule(ModuleClassLoader.java:267) ~[securejarhandler-mohist-2.1.11.jar:?]
	at cpw.mods.cl.ModuleClassLoader.findClass(ModuleClassLoader.java:257) ~[securejarhandler-mohist-2.1.11.jar:?]
	at cpw.mods.cl.ModuleClassLoader.loadClass(ModuleClassLoader.java:144) ~[securejarhandler-mohist-2.1.11.jar:?]
	at java.lang.ClassLoader.loadClass(ClassLoader.java:526) ~[?:?]
	at net.minecraft.world.level.biome.FixedBiomeSource.<clinit>(FixedBiomeSource.java:17) ~[server-1.20.1-20230612.114412-srg.jar%23364!/:?]
	at net.minecraft.world.level.biome.BiomeSources.m_220586_(BiomeSources.java:8) ~[server-1.20.1-20230612.114412-srg.jar%23364!/:?]
	at net.minecraft.core.registries.BuiltInRegistries.m_258029_(BuiltInRegistries.java:448) ~[server-1.20.1-20230612.114412-srg.jar%23364!/:?]
	at net.minecraft.core.registries.BuiltInRegistries.m_258037_(BuiltInRegistries.java:462) ~[server-1.20.1-20230612.114412-srg.jar%23364!/:?]
	at java.util.LinkedHashMap.forEach(LinkedHashMap.java:986) ~[?:?]
	at net.minecraft.core.registries.BuiltInRegistries.m_257453_(BuiltInRegistries.java:461) ~[server-1.20.1-20230612.114412-srg.jar%23364!/:?]
	at net.minecraft.core.registries.BuiltInRegistries.m_257498_(BuiltInRegistries.java:455) ~[server-1.20.1-20230612.114412-srg.jar%23364!/:?]
	at net.minecraft.server.Bootstrap.m_135870_(Bootstrap.java:55) ~[server-1.20.1-20230612.114412-srg.jar%23364!/:?]
	at net.minecraft.server.Main.main(Main.java:161) ~[server-1.20.1-20230612.114412-srg.jar%23364!/:?]
	at jdk.internal.reflect.DirectMethodHandleAccessor.invoke(DirectMethodHandleAccessor.java:103) ~[?:?]
	at java.lang.reflect.Method.invoke(Method.java:580) ~[?:?]
	at net.minecraftforge.fml.loading.targets.CommonLaunchHandler.runTarget(CommonLaunchHandler.java:111) ~[fmlloader-1.20.1-47.2.20.jar%23186!/:?]
	at net.minecraftforge.fml.loading.targets.CommonLaunchHandler.serverService(CommonLaunchHandler.java:103) ~[fmlloader-1.20.1-47.2.20.jar%23186!/:?]
	at net.minecraftforge.fml.loading.targets.CommonServerLaunchHandler.lambda$makeService$0(CommonServerLaunchHandler.java:27) ~[fmlloader-1.20.1-47.2.20.jar%23186!/:?]
	at cpw.mods.modlauncher.LaunchServiceHandlerDecorator.launch(LaunchServiceHandlerDecorator.java:30) [modlauncher-10.0.9.jar%23101!/:?]
	at cpw.mods.modlauncher.LaunchServiceHandler.launch(LaunchServiceHandler.java:53) [modlauncher-10.0.9.jar%23101!/:?]
	at cpw.mods.modlauncher.LaunchServiceHandler.launch(LaunchServiceHandler.java:71) [modlauncher-10.0.9.jar%23101!/:?]
	at cpw.mods.modlauncher.Launcher.run(Launcher.java:108) [modlauncher-10.0.9.jar%23101!/:?]
	at cpw.mods.modlauncher.Launcher.main(Launcher.java:78) [modlauncher-10.0.9.jar%23101!/:?]
	at cpw.mods.modlauncher.BootstrapLaunchConsumer.accept(BootstrapLaunchConsumer.java:26) [modlauncher-10.0.9.jar%23101!/:?]
	at cpw.mods.modlauncher.BootstrapLaunchConsumer.accept(BootstrapLaunchConsumer.java:23) [modlauncher-10.0.9.jar%23101!/:?]
	at cpw.mods.bootstraplauncher.BootstrapLauncher.main(BootstrapLauncher.java:141) [bootstraplauncher-1.1.2.jar:?]
	at com.mohistmc.MohistMCStart.main(MohistMCStart.java:106) [mohist.jar:1.20.1-580]
[03:37:49] [main/FATAL] [net.minecraftforge.fml.ModLoader]: Error during pre-loading phase
net.minecraftforge.fml.ModLoadingException: Mod §ecyclic§r requires §6flib§r §o0.0.10 or above§r
§7Currently, §6flib§r§7 is §o§nnot installed
	at net.minecraftforge.fml.ModLoadingException.lambda$fromEarlyException$0(ModLoadingException.java:50) ~[fmlcore-1.20.1-47.2.20.jar%23365!/:?]
	at java.util.stream.ReferencePipeline$3$1.accept(ReferencePipeline.java:197) ~[?:?]
	at java.util.AbstractList$RandomAccessSpliterator.forEachRemaining(AbstractList.java:722) ~[?:?]
	at java.util.stream.AbstractPipeline.copyInto(AbstractPipeline.java:509) ~[?:?]
	at java.util.stream.AbstractPipeline.wrapAndCopyInto(AbstractPipeline.java:499) ~[?:?]
	at java.util.stream.ForEachOps$ForEachOp.evaluateSequential(ForEachOps.java:151) ~[?:?]
	at java.util.stream.ForEachOps$ForEachOp$OfRef.evaluateSequential(ForEachOps.java:174) ~[?:?]
	at java.util.stream.AbstractPipeline.evaluate(AbstractPipeline.java:234) ~[?:?]
	at java.util.stream.ReferencePipeline.forEach(ReferencePipeline.java:596) ~[?:?]
	at java.util.stream.ReferencePipeline$7$1.accept(ReferencePipeline.java:276) ~[?:?]
	at java.util.ArrayList$ArrayListSpliterator.forEachRemaining(ArrayList.java:1708) ~[?:?]
	at java.util.stream.AbstractPipeline.copyInto(AbstractPipeline.java:509) ~[?:?]
	at java.util.stream.AbstractPipeline.wrapAndCopyInto(AbstractPipeline.java:499) ~[?:?]
	at java.util.stream.ReduceOps$ReduceOp.evaluateSequential(ReduceOps.java:921) ~[?:?]
	at java.util.stream.AbstractPipeline.evaluate(AbstractPipeline.java:234) ~[?:?]
	at java.util.stream.ReferencePipeline.collect(ReferencePipeline.java:682) ~[?:?]
	at net.minecraftforge.fml.ModLoader.<init>(ModLoader.java:96) ~[fmlcore-1.20.1-47.2.20.jar%23365!/:?]
	at net.minecraftforge.fml.ModLoader.get(ModLoader.java:128) ~[fmlcore-1.20.1-47.2.20.jar%23365!/:?]
	at net.minecraftforge.server.loading.ServerModLoader.load(ServerModLoader.java:30) ~[forge-1.20.1-47.2.20-universal.jar%23369!/:?]
	at net.minecraft.server.Main.main(Main.java:165) ~[server-1.20.1-20230612.114412-srg.jar%23364!/:?]
	at jdk.internal.reflect.DirectMethodHandleAccessor.invoke(DirectMethodHandleAccessor.java:103) ~[?:?]
	at java.lang.reflect.Method.invoke(Method.java:580) ~[?:?]
	at net.minecraftforge.fml.loading.targets.CommonLaunchHandler.runTarget(CommonLaunchHandler.java:111) ~[fmlloader-1.20.1-47.2.20.jar%23186!/:?]
	at net.minecraftforge.fml.loading.targets.CommonLaunchHandler.serverService(CommonLaunchHandler.java:103) ~[fmlloader-1.20.1-47.2.20.jar%23186!/:?]
	at net.minecraftforge.fml.loading.targets.CommonServerLaunchHandler.lambda$makeService$0(CommonServerLaunchHandler.java:27) ~[fmlloader-1.20.1-47.2.20.jar%23186!/:?]
	at cpw.mods.modlauncher.LaunchServiceHandlerDecorator.launch(LaunchServiceHandlerDecorator.java:30) [modlauncher-10.0.9.jar%23101!/:?]
	at cpw.mods.modlauncher.LaunchServiceHandler.launch(LaunchServiceHandler.java:53) [modlauncher-10.0.9.jar%23101!/:?]
	at cpw.mods.modlauncher.LaunchServiceHandler.launch(LaunchServiceHandler.java:71) [modlauncher-10.0.9.jar%23101!/:?]
	at cpw.mods.modlauncher.Launcher.run(Launcher.java:108) [modlauncher-10.0.9.jar%23101!/:?]
	at cpw.mods.modlauncher.Launcher.main(Launcher.java:78) [modlauncher-10.0.9.jar%23101!/:?]
	at cpw.mods.modlauncher.BootstrapLaunchConsumer.accept(BootstrapLaunchConsumer.java:26) [modlauncher-10.0.9.jar%23101!/:?]
	at cpw.mods.modlauncher.BootstrapLaunchConsumer.accept(BootstrapLaunchConsumer.java:23) [modlauncher-10.0.9.jar%23101!/:?]
	at cpw.mods.bootstraplauncher.BootstrapLauncher.main(BootstrapLauncher.java:141) [bootstraplauncher-1.1.2.jar:?]
	at com.mohistmc.MohistMCStart.main(MohistMCStart.java:106) [mohist.jar:1.20.1-580]
[03:37:50] [main/FATAL] [net.minecraftforge.server.loading.ServerModLoader]: Crash report saved to ./crash-reports/crash-2024-03-10_03.37.50-fml.txt
[03:37:50] [main/ERROR] [net.minecraft.server.Main]: Failed to start the minecraft server
net.minecraftforge.fml.LoadingFailedException: Loading errors encountered: [
	Mod §ecyclic§r requires §6flib§r §o0.0.10 or above§r
§7Currently, §6flib§r§7 is §o§nnot installed
]
	at net.minecraftforge.fml.ModLoader.gatherAndInitializeMods(ModLoader.java:149) ~[fmlcore-1.20.1-47.2.20.jar%23365!/:?]
	at net.minecraftforge.server.loading.ServerModLoader.load(ServerModLoader.java:30) ~[forge-1.20.1-47.2.20-universal.jar%23369!/:?]
	at net.minecraft.server.Main.main(Main.java:165) ~[server-1.20.1-20230612.114412-srg.jar%23364!/:?]
	at jdk.internal.reflect.DirectMethodHandleAccessor.invoke(DirectMethodHandleAccessor.java:103) ~[?:?]
	at java.lang.reflect.Method.invoke(Method.java:580) ~[?:?]
	at net.minecraftforge.fml.loading.targets.CommonLaunchHandler.runTarget(CommonLaunchHandler.java:111) ~[fmlloader-1.20.1-47.2.20.jar%23186!/:?]
	at net.minecraftforge.fml.loading.targets.CommonLaunchHandler.serverService(CommonLaunchHandler.java:103) ~[fmlloader-1.20.1-47.2.20.jar%23186!/:?]
	at net.minecraftforge.fml.loading.targets.CommonServerLaunchHandler.lambda$makeService$0(CommonServerLaunchHandler.java:27) ~[fmlloader-1.20.1-47.2.20.jar%23186!/:?]
	at cpw.mods.modlauncher.LaunchServiceHandlerDecorator.launch(LaunchServiceHandlerDecorator.java:30) [modlauncher-10.0.9.jar%23101!/:?]
	at cpw.mods.modlauncher.LaunchServiceHandler.launch(LaunchServiceHandler.java:53) [modlauncher-10.0.9.jar%23101!/:?]
	at cpw.mods.modlauncher.LaunchServiceHandler.launch(LaunchServiceHandler.java:71) [modlauncher-10.0.9.jar%23101!/:?]
	at cpw.mods.modlauncher.Launcher.run(Launcher.java:108) [modlauncher-10.0.9.jar%23101!/:?]
	at cpw.mods.modlauncher.Launcher.main(Launcher.java:78) [modlauncher-10.0.9.jar%23101!/:?]
	at cpw.mods.modlauncher.BootstrapLaunchConsumer.accept(BootstrapLaunchConsumer.java:26) [modlauncher-10.0.9.jar%23101!/:?]
	at cpw.mods.modlauncher.BootstrapLaunchConsumer.accept(BootstrapLaunchConsumer.java:23) [modlauncher-10.0.9.jar%23101!/:?]
	at cpw.mods.bootstraplauncher.BootstrapLauncher.main(BootstrapLauncher.java:141) [bootstraplauncher-1.1.2.jar:?]
	at com.mohistmc.MohistMCStart.main(MohistMCStart.java:106) [mohist.jar:1.20.1-580]
